<?xml version="1.0" encoding="UTF-8"?>
<testsuite name="TriangleTest" tests="502" skipped="0" failures="0" errors="0" timestamp="2023-03-20T09:16:02" hostname="SKY-20201115VUU" time="1.44">
  <properties/>
  <testcase name="一般三角形" classname="TriangleTest" time="0.025"/>
  <testcase name="[1] 3, 4, 6, 一般三角形" classname="TriangleTest" time="0.021"/>
  <testcase name="[2] 3, 3, 3, 等边三角形" classname="TriangleTest" time="0.001"/>
  <testcase name="[3] 3, 3, 6, 非三角形" classname="TriangleTest" time="0.002"/>
  <testcase name="[1] 5, 51, 51, 等腰三角形" classname="TriangleTest" time="0.0"/>
  <testcase name="[2] 51, 1, 51, 等腰三角形" classname="TriangleTest" time="0.001"/>
  <testcase name="[3] 51, 5, 51, 等腰三角形" classname="TriangleTest" time="0.001"/>
  <testcase name="[4] 51, 51, 1, 等腰三角形" classname="TriangleTest" time="0.0"/>
  <testcase name="[5] 51, 51, 5, 等腰三角形" classname="TriangleTest" time="0.0"/>
  <testcase name="[6] 51, 51, 51, 等边三角形" classname="TriangleTest" time="0.001"/>
  <testcase name="[7] 51, 51, 95, 等腰三角形" classname="TriangleTest" time="0.001"/>
  <testcase name="[8] 51, 51, 100, 等腰三角形" classname="TriangleTest" time="0.001"/>
  <testcase name="[9] 51, 95, 51, 等腰三角形" classname="TriangleTest" time="0.001"/>
  <testcase name="[10] 51, 100, 51, 等腰三角形" classname="TriangleTest" time="0.001"/>
  <testcase name="[11] 95, 51, 51, 等腰三角形" classname="TriangleTest" time="0.001"/>
  <testcase name="[12] 100, 51, 51, 等腰三角形" classname="TriangleTest" time="0.001"/>
  <testcase name="[1] 1, 1, 5, 非三角形" classname="TriangleTest" time="0.0"/>
  <testcase name="[2] 1, 1, 51, 非三角形" classname="TriangleTest" time="0.001"/>
  <testcase name="[3] 1, 1, 95, 非三角形" classname="TriangleTest" time="0.001"/>
  <testcase name="[4] 1, 1, 100, 非三角形" classname="TriangleTest" time="0.0"/>
  <testcase name="[5] 1, 5, 1, 非三角形" classname="TriangleTest" time="0.001"/>
  <testcase name="[6] 1, 5, 5, 等腰三角形" classname="TriangleTest" time="0.001"/>
  <testcase name="[7] 1, 5, 51, 非三角形" classname="TriangleTest" time="0.001"/>
  <testcase name="[8] 1, 5, 95, 非三角形" classname="TriangleTest" time="0.001"/>
  <testcase name="[9] 1, 5, 100, 非三角形" classname="TriangleTest" time="0.0"/>
  <testcase name="[10] 1, 51, 1, 非三角形" classname="TriangleTest" time="0.001"/>
  <testcase name="[11] 1, 51, 5, 非三角形" classname="TriangleTest" time="0.001"/>
  <testcase name="[12] 1, 51, 51, 等腰三角形" classname="TriangleTest" time="0.0"/>
  <testcase name="[13] 1, 51, 95, 非三角形" classname="TriangleTest" time="0.001"/>
  <testcase name="[14] 1, 51, 100, 非三角形" classname="TriangleTest" time="0.0"/>
  <testcase name="[15] 1, 95, 1, 非三角形" classname="TriangleTest" time="0.0"/>
  <testcase name="[16] 1, 95, 5, 非三角形" classname="TriangleTest" time="0.001"/>
  <testcase name="[17] 1, 95, 51, 非三角形" classname="TriangleTest" time="0.001"/>
  <testcase name="[18] 1, 95, 95, 等腰三角形" classname="TriangleTest" time="0.001"/>
  <testcase name="[19] 1, 95, 100, 非三角形" classname="TriangleTest" time="0.001"/>
  <testcase name="[20] 1, 100, 1, 非三角形" classname="TriangleTest" time="0.001"/>
  <testcase name="[21] 1, 100, 5, 非三角形" classname="TriangleTest" time="0.0"/>
  <testcase name="[22] 1, 100, 51, 非三角形" classname="TriangleTest" time="0.001"/>
  <testcase name="[23] 1, 100, 95, 非三角形" classname="TriangleTest" time="0.001"/>
  <testcase name="[24] 1, 100, 100, 等腰三角形" classname="TriangleTest" time="0.002"/>
  <testcase name="[25] 5, 1, 1, 非三角形" classname="TriangleTest" time="0.001"/>
  <testcase name="[26] 5, 1, 5, 等腰三角形" classname="TriangleTest" time="0.002"/>
  <testcase name="[27] 5, 1, 51, 非三角形" classname="TriangleTest" time="0.002"/>
  <testcase name="[28] 5, 1, 95, 非三角形" classname="TriangleTest" time="0.001"/>
  <testcase name="[29] 5, 1, 100, 非三角形" classname="TriangleTest" time="0.001"/>
  <testcase name="[30] 5, 5, 1, 等腰三角形" classname="TriangleTest" time="0.001"/>
  <testcase name="[31] 5, 5, 5, 等边三角形" classname="TriangleTest" time="0.0"/>
  <testcase name="[32] 5, 5, 51, 非三角形" classname="TriangleTest" time="0.003"/>
  <testcase name="[33] 5, 5, 95, 非三角形" classname="TriangleTest" time="0.001"/>
  <testcase name="[34] 5, 5, 100, 非三角形" classname="TriangleTest" time="0.001"/>
  <testcase name="[35] 5, 51, 1, 非三角形" classname="TriangleTest" time="0.001"/>
  <testcase name="[36] 5, 51, 5, 非三角形" classname="TriangleTest" time="0.003"/>
  <testcase name="[37] 5, 51, 51, 等腰三角形" classname="TriangleTest" time="0.0"/>
  <testcase name="[38] 5, 51, 95, 非三角形" classname="TriangleTest" time="0.001"/>
  <testcase name="[39] 5, 51, 100, 非三角形" classname="TriangleTest" time="0.0"/>
  <testcase name="[40] 5, 95, 1, 非三角形" classname="TriangleTest" time="0.001"/>
  <testcase name="[41] 5, 95, 5, 非三角形" classname="TriangleTest" time="0.0"/>
  <testcase name="[42] 5, 95, 51, 非三角形" classname="TriangleTest" time="0.001"/>
  <testcase name="[43] 5, 95, 95, 等腰三角形" classname="TriangleTest" time="0.001"/>
  <testcase name="[44] 5, 95, 100, 非三角形" classname="TriangleTest" time="0.001"/>
  <testcase name="[45] 5, 100, 1, 非三角形" classname="TriangleTest" time="0.0"/>
  <testcase name="[46] 5, 100, 5, 非三角形" classname="TriangleTest" time="0.0"/>
  <testcase name="[47] 5, 100, 51, 非三角形" classname="TriangleTest" time="0.001"/>
  <testcase name="[48] 5, 100, 95, 非三角形" classname="TriangleTest" time="0.002"/>
  <testcase name="[49] 5, 100, 100, 等腰三角形" classname="TriangleTest" time="0.001"/>
  <testcase name="[50] 51, 1, 1, 非三角形" classname="TriangleTest" time="0.001"/>
  <testcase name="[51] 51, 1, 5, 非三角形" classname="TriangleTest" time="0.001"/>
  <testcase name="[52] 51, 1, 51, 等腰三角形" classname="TriangleTest" time="0.001"/>
  <testcase name="[53] 51, 1, 95, 非三角形" classname="TriangleTest" time="0.0"/>
  <testcase name="[54] 51, 1, 100, 非三角形" classname="TriangleTest" time="0.0"/>
  <testcase name="[55] 51, 5, 1, 非三角形" classname="TriangleTest" time="0.0"/>
  <testcase name="[56] 51, 5, 5, 非三角形" classname="TriangleTest" time="0.0"/>
  <testcase name="[57] 51, 5, 51, 等腰三角形" classname="TriangleTest" time="0.002"/>
  <testcase name="[58] 51, 5, 95, 非三角形" classname="TriangleTest" time="0.0"/>
  <testcase name="[59] 51, 5, 100, 非三角形" classname="TriangleTest" time="0.001"/>
  <testcase name="[60] 51, 51, 1, 等腰三角形" classname="TriangleTest" time="0.001"/>
  <testcase name="[61] 51, 51, 5, 等腰三角形" classname="TriangleTest" time="0.001"/>
  <testcase name="[62] 51, 51, 51, 等边三角形" classname="TriangleTest" time="0.001"/>
  <testcase name="[63] 51, 51, 95, 等腰三角形" classname="TriangleTest" time="0.001"/>
  <testcase name="[64] 51, 51, 100, 等腰三角形" classname="TriangleTest" time="0.001"/>
  <testcase name="[65] 51, 95, 1, 非三角形" classname="TriangleTest" time="0.0"/>
  <testcase name="[66] 51, 95, 5, 非三角形" classname="TriangleTest" time="0.001"/>
  <testcase name="[67] 51, 95, 51, 等腰三角形" classname="TriangleTest" time="0.001"/>
  <testcase name="[68] 51, 95, 95, 等腰三角形" classname="TriangleTest" time="0.0"/>
  <testcase name="[69] 51, 95, 100, 一般三角形" classname="TriangleTest" time="0.003"/>
  <testcase name="[70] 51, 100, 1, 非三角形" classname="TriangleTest" time="0.0"/>
  <testcase name="[71] 51, 100, 5, 非三角形" classname="TriangleTest" time="0.0"/>
  <testcase name="[72] 51, 100, 51, 等腰三角形" classname="TriangleTest" time="0.001"/>
  <testcase name="[73] 51, 100, 95, 一般三角形" classname="TriangleTest" time="0.001"/>
  <testcase name="[74] 51, 100, 100, 等腰三角形" classname="TriangleTest" time="0.0"/>
  <testcase name="[75] 95, 1, 1, 非三角形" classname="TriangleTest" time="0.004"/>
  <testcase name="[76] 95, 1, 5, 非三角形" classname="TriangleTest" time="0.005"/>
  <testcase name="[77] 95, 1, 51, 非三角形" classname="TriangleTest" time="0.002"/>
  <testcase name="[78] 95, 1, 95, 等腰三角形" classname="TriangleTest" time="0.002"/>
  <testcase name="[79] 95, 1, 100, 非三角形" classname="TriangleTest" time="0.001"/>
  <testcase name="[80] 95, 5, 1, 非三角形" classname="TriangleTest" time="0.001"/>
  <testcase name="[81] 95, 5, 5, 非三角形" classname="TriangleTest" time="0.0"/>
  <testcase name="[82] 95, 5, 51, 非三角形" classname="TriangleTest" time="0.0"/>
  <testcase name="[83] 95, 5, 95, 等腰三角形" classname="TriangleTest" time="0.002"/>
  <testcase name="[84] 95, 5, 100, 非三角形" classname="TriangleTest" time="0.0"/>
  <testcase name="[85] 95, 51, 1, 非三角形" classname="TriangleTest" time="0.001"/>
  <testcase name="[86] 95, 51, 5, 非三角形" classname="TriangleTest" time="0.001"/>
  <testcase name="[87] 95, 51, 51, 等腰三角形" classname="TriangleTest" time="0.001"/>
  <testcase name="[88] 95, 51, 95, 等腰三角形" classname="TriangleTest" time="0.001"/>
  <testcase name="[89] 95, 51, 100, 一般三角形" classname="TriangleTest" time="0.001"/>
  <testcase name="[90] 95, 95, 1, 等腰三角形" classname="TriangleTest" time="0.001"/>
  <testcase name="[91] 95, 95, 5, 等腰三角形" classname="TriangleTest" time="0.001"/>
  <testcase name="[92] 95, 95, 51, 等腰三角形" classname="TriangleTest" time="0.0"/>
  <testcase name="[93] 95, 95, 95, 等边三角形" classname="TriangleTest" time="0.0"/>
  <testcase name="[94] 95, 95, 100, 等腰三角形" classname="TriangleTest" time="0.001"/>
  <testcase name="[95] 95, 100, 1, 非三角形" classname="TriangleTest" time="0.001"/>
  <testcase name="[96] 95, 100, 5, 非三角形" classname="TriangleTest" time="0.001"/>
  <testcase name="[97] 95, 100, 51, 一般三角形" classname="TriangleTest" time="0.001"/>
  <testcase name="[98] 95, 100, 95, 等腰三角形" classname="TriangleTest" time="0.0"/>
  <testcase name="[99] 95, 100, 100, 等腰三角形" classname="TriangleTest" time="0.001"/>
  <testcase name="[100] 100, 1, 1, 非三角形" classname="TriangleTest" time="0.001"/>
  <testcase name="[101] 100, 1, 5, 非三角形" classname="TriangleTest" time="0.0"/>
  <testcase name="[102] 100, 1, 51, 非三角形" classname="TriangleTest" time="0.0"/>
  <testcase name="[103] 100, 1, 95, 非三角形" classname="TriangleTest" time="0.0"/>
  <testcase name="[104] 100, 1, 100, 等腰三角形" classname="TriangleTest" time="0.0"/>
  <testcase name="[105] 100, 5, 1, 非三角形" classname="TriangleTest" time="0.0"/>
  <testcase name="[106] 100, 5, 5, 非三角形" classname="TriangleTest" time="0.0"/>
  <testcase name="[107] 100, 5, 51, 非三角形" classname="TriangleTest" time="0.001"/>
  <testcase name="[108] 100, 5, 95, 非三角形" classname="TriangleTest" time="0.001"/>
  <testcase name="[109] 100, 5, 100, 等腰三角形" classname="TriangleTest" time="0.0"/>
  <testcase name="[110] 100, 51, 1, 非三角形" classname="TriangleTest" time="0.001"/>
  <testcase name="[111] 100, 51, 5, 非三角形" classname="TriangleTest" time="0.001"/>
  <testcase name="[112] 100, 51, 51, 等腰三角形" classname="TriangleTest" time="0.0"/>
  <testcase name="[113] 100, 51, 95, 一般三角形" classname="TriangleTest" time="0.002"/>
  <testcase name="[114] 100, 51, 100, 等腰三角形" classname="TriangleTest" time="0.0"/>
  <testcase name="[115] 100, 95, 1, 非三角形" classname="TriangleTest" time="0.001"/>
  <testcase name="[116] 100, 95, 5, 非三角形" classname="TriangleTest" time="0.0"/>
  <testcase name="[117] 100, 95, 51, 一般三角形" classname="TriangleTest" time="0.0"/>
  <testcase name="[118] 100, 95, 95, 等腰三角形" classname="TriangleTest" time="0.001"/>
  <testcase name="[119] 100, 95, 100, 等腰三角形" classname="TriangleTest" time="0.0"/>
  <testcase name="[120] 100, 100, 1, 等腰三角形" classname="TriangleTest" time="0.0"/>
  <testcase name="[121] 100, 100, 5, 等腰三角形" classname="TriangleTest" time="0.001"/>
  <testcase name="[122] 100, 100, 51, 等腰三角形" classname="TriangleTest" time="0.001"/>
  <testcase name="[123] 100, 100, 95, 等腰三角形" classname="TriangleTest" time="0.001"/>
  <testcase name="[124] 100, 100, 100, 等边三角形" classname="TriangleTest" time="0.0"/>
  <testcase name="[1] 1, 51, 51, 等腰三角形" classname="TriangleTest" time="0.0"/>
  <testcase name="[2] 5, 51, 51, 等腰三角形" classname="TriangleTest" time="0.0"/>
  <testcase name="[3] 51, -1, 51, 输入错误" classname="TriangleTest" time="0.0"/>
  <testcase name="[4] 51, 1, 51, 等腰三角形" classname="TriangleTest" time="0.0"/>
  <testcase name="[5] 51, 5, 51, 等腰三角形" classname="TriangleTest" time="0.001"/>
  <testcase name="[6] 51, 51, -1, 输入错误" classname="TriangleTest" time="0.001"/>
  <testcase name="[7] 51, 51, 1, 等腰三角形" classname="TriangleTest" time="0.001"/>
  <testcase name="[8] 51, 51, 5, 等腰三角形" classname="TriangleTest" time="0.001"/>
  <testcase name="[9] 51, 51, 51, 等边三角形" classname="TriangleTest" time="0.001"/>
  <testcase name="[10] 51, 51, 95, 等腰三角形" classname="TriangleTest" time="0.001"/>
  <testcase name="[11] 51, 51, 100, 等腰三角形" classname="TriangleTest" time="0.0"/>
  <testcase name="[12] 51, 51, 101, 输入错误" classname="TriangleTest" time="0.001"/>
  <testcase name="[13] 51, 95, 51, 等腰三角形" classname="TriangleTest" time="0.002"/>
  <testcase name="[14] 51, 100, 51, 等腰三角形" classname="TriangleTest" time="0.002"/>
  <testcase name="[15] 51, 101, 51, 输入错误" classname="TriangleTest" time="0.002"/>
  <testcase name="[16] 95, 51, 51, 等腰三角形" classname="TriangleTest" time="0.005"/>
  <testcase name="[17] 100, 51, 51, 等腰三角形" classname="TriangleTest" time="0.002"/>
  <testcase name="[18] 101, 51, 51, 输入错误" classname="TriangleTest" time="0.002"/>
  <testcase name="[1] -1, -1, 1, 输入错误" classname="TriangleTest" time="0.001"/>
  <testcase name="[2] -1, -1, 5, 输入错误" classname="TriangleTest" time="0.001"/>
  <testcase name="[3] -1, -1, 51, 输入错误" classname="TriangleTest" time="0.002"/>
  <testcase name="[4] -1, -1, 95, 输入错误" classname="TriangleTest" time="0.0"/>
  <testcase name="[5] -1, -1, 100, 输入错误" classname="TriangleTest" time="0.001"/>
  <testcase name="[6] -1, -1, 101, 输入错误" classname="TriangleTest" time="0.001"/>
  <testcase name="[7] -1, 1, -1, 输入错误" classname="TriangleTest" time="0.001"/>
  <testcase name="[8] -1, 1, 1, 输入错误" classname="TriangleTest" time="0.001"/>
  <testcase name="[9] -1, 1, 5, 输入错误" classname="TriangleTest" time="0.005"/>
  <testcase name="[10] -1, 1, 51, 输入错误" classname="TriangleTest" time="0.001"/>
  <testcase name="[11] -1, 1, 95, 输入错误" classname="TriangleTest" time="0.005"/>
  <testcase name="[12] -1, 1, 100, 输入错误" classname="TriangleTest" time="0.001"/>
  <testcase name="[13] -1, 1, 101, 输入错误" classname="TriangleTest" time="0.001"/>
  <testcase name="[14] -1, 5, -1, 输入错误" classname="TriangleTest" time="0.0"/>
  <testcase name="[15] -1, 5, 1, 输入错误" classname="TriangleTest" time="0.0"/>
  <testcase name="[16] -1, 5, 5, 输入错误" classname="TriangleTest" time="0.001"/>
  <testcase name="[17] -1, 5, 51, 输入错误" classname="TriangleTest" time="0.001"/>
  <testcase name="[18] -1, 5, 95, 输入错误" classname="TriangleTest" time="0.001"/>
  <testcase name="[19] -1, 5, 100, 输入错误" classname="TriangleTest" time="0.0"/>
  <testcase name="[20] -1, 5, 101, 输入错误" classname="TriangleTest" time="0.001"/>
  <testcase name="[21] -1, 51, -1, 输入错误" classname="TriangleTest" time="0.001"/>
  <testcase name="[22] -1, 51, 1, 输入错误" classname="TriangleTest" time="0.001"/>
  <testcase name="[23] -1, 51, 5, 输入错误" classname="TriangleTest" time="0.001"/>
  <testcase name="[24] -1, 51, 51, 输入错误" classname="TriangleTest" time="0.0"/>
  <testcase name="[25] -1, 51, 95, 输入错误" classname="TriangleTest" time="0.0"/>
  <testcase name="[26] -1, 51, 100, 输入错误" classname="TriangleTest" time="0.0"/>
  <testcase name="[27] -1, 51, 101, 输入错误" classname="TriangleTest" time="0.0"/>
  <testcase name="[28] -1, 95, -1, 输入错误" classname="TriangleTest" time="0.002"/>
  <testcase name="[29] -1, 95, 1, 输入错误" classname="TriangleTest" time="0.0"/>
  <testcase name="[30] -1, 95, 5, 输入错误" classname="TriangleTest" time="0.0"/>
  <testcase name="[31] -1, 95, 51, 输入错误" classname="TriangleTest" time="0.0"/>
  <testcase name="[32] -1, 95, 95, 输入错误" classname="TriangleTest" time="0.0"/>
  <testcase name="[33] -1, 95, 100, 输入错误" classname="TriangleTest" time="0.0"/>
  <testcase name="[34] -1, 95, 101, 输入错误" classname="TriangleTest" time="0.0"/>
  <testcase name="[35] -1, 100, -1, 输入错误" classname="TriangleTest" time="0.001"/>
  <testcase name="[36] -1, 100, 1, 输入错误" classname="TriangleTest" time="0.0"/>
  <testcase name="[37] -1, 100, 5, 输入错误" classname="TriangleTest" time="0.001"/>
  <testcase name="[38] -1, 100, 51, 输入错误" classname="TriangleTest" time="0.0"/>
  <testcase name="[39] -1, 100, 95, 输入错误" classname="TriangleTest" time="0.0"/>
  <testcase name="[40] -1, 100, 100, 输入错误" classname="TriangleTest" time="0.001"/>
  <testcase name="[41] -1, 100, 101, 输入错误" classname="TriangleTest" time="0.001"/>
  <testcase name="[42] -1, 101, -1, 输入错误" classname="TriangleTest" time="0.001"/>
  <testcase name="[43] -1, 101, 1, 输入错误" classname="TriangleTest" time="0.001"/>
  <testcase name="[44] -1, 101, 5, 输入错误" classname="TriangleTest" time="0.001"/>
  <testcase name="[45] -1, 101, 51, 输入错误" classname="TriangleTest" time="0.001"/>
  <testcase name="[46] -1, 101, 95, 输入错误" classname="TriangleTest" time="0.0"/>
  <testcase name="[47] -1, 101, 100, 输入错误" classname="TriangleTest" time="0.0"/>
  <testcase name="[48] -1, 101, 101, 输入错误" classname="TriangleTest" time="0.0"/>
  <testcase name="[49] 1, -1, -1, 输入错误" classname="TriangleTest" time="0.0"/>
  <testcase name="[50] 1, -1, 1, 输入错误" classname="TriangleTest" time="0.0"/>
  <testcase name="[51] 1, -1, 5, 输入错误" classname="TriangleTest" time="0.0"/>
  <testcase name="[52] 1, -1, 51, 输入错误" classname="TriangleTest" time="0.0"/>
  <testcase name="[53] 1, -1, 95, 输入错误" classname="TriangleTest" time="0.001"/>
  <testcase name="[54] 1, -1, 100, 输入错误" classname="TriangleTest" time="0.001"/>
  <testcase name="[55] 1, -1, 101, 输入错误" classname="TriangleTest" time="0.0"/>
  <testcase name="[56] 1, 1, -1, 输入错误" classname="TriangleTest" time="0.001"/>
  <testcase name="[57] 1, 1, 1, 等边三角形" classname="TriangleTest" time="0.001"/>
  <testcase name="[58] 1, 1, 5, 非三角形" classname="TriangleTest" time="0.001"/>
  <testcase name="[59] 1, 1, 51, 非三角形" classname="TriangleTest" time="0.001"/>
  <testcase name="[60] 1, 1, 95, 非三角形" classname="TriangleTest" time="0.001"/>
  <testcase name="[61] 1, 1, 100, 非三角形" classname="TriangleTest" time="0.001"/>
  <testcase name="[62] 1, 1, 101, 输入错误" classname="TriangleTest" time="0.001"/>
  <testcase name="[63] 1, 5, -1, 输入错误" classname="TriangleTest" time="0.0"/>
  <testcase name="[64] 1, 5, 1, 非三角形" classname="TriangleTest" time="0.001"/>
  <testcase name="[65] 1, 5, 5, 等腰三角形" classname="TriangleTest" time="0.008"/>
  <testcase name="[66] 1, 5, 51, 非三角形" classname="TriangleTest" time="0.001"/>
  <testcase name="[67] 1, 5, 95, 非三角形" classname="TriangleTest" time="0.001"/>
  <testcase name="[68] 1, 5, 100, 非三角形" classname="TriangleTest" time="0.0"/>
  <testcase name="[69] 1, 5, 101, 输入错误" classname="TriangleTest" time="0.0"/>
  <testcase name="[70] 1, 51, -1, 输入错误" classname="TriangleTest" time="0.001"/>
  <testcase name="[71] 1, 51, 1, 非三角形" classname="TriangleTest" time="0.002"/>
  <testcase name="[72] 1, 51, 5, 非三角形" classname="TriangleTest" time="0.001"/>
  <testcase name="[73] 1, 51, 51, 等腰三角形" classname="TriangleTest" time="0.0"/>
  <testcase name="[74] 1, 51, 95, 非三角形" classname="TriangleTest" time="0.001"/>
  <testcase name="[75] 1, 51, 100, 非三角形" classname="TriangleTest" time="0.002"/>
  <testcase name="[76] 1, 51, 101, 输入错误" classname="TriangleTest" time="0.001"/>
  <testcase name="[77] 1, 95, -1, 输入错误" classname="TriangleTest" time="0.004"/>
  <testcase name="[78] 1, 95, 1, 非三角形" classname="TriangleTest" time="0.001"/>
  <testcase name="[79] 1, 95, 5, 非三角形" classname="TriangleTest" time="0.001"/>
  <testcase name="[80] 1, 95, 51, 非三角形" classname="TriangleTest" time="0.0"/>
  <testcase name="[81] 1, 95, 95, 等腰三角形" classname="TriangleTest" time="0.001"/>
  <testcase name="[82] 1, 95, 100, 非三角形" classname="TriangleTest" time="0.001"/>
  <testcase name="[83] 1, 95, 101, 输入错误" classname="TriangleTest" time="0.0"/>
  <testcase name="[84] 1, 100, -1, 输入错误" classname="TriangleTest" time="0.0"/>
  <testcase name="[85] 1, 100, 1, 非三角形" classname="TriangleTest" time="0.001"/>
  <testcase name="[86] 1, 100, 5, 非三角形" classname="TriangleTest" time="0.001"/>
  <testcase name="[87] 1, 100, 51, 非三角形" classname="TriangleTest" time="0.001"/>
  <testcase name="[88] 1, 100, 95, 非三角形" classname="TriangleTest" time="0.0"/>
  <testcase name="[89] 1, 100, 100, 等腰三角形" classname="TriangleTest" time="0.0"/>
  <testcase name="[90] 1, 100, 101, 输入错误" classname="TriangleTest" time="0.001"/>
  <testcase name="[91] 1, 101, -1, 输入错误" classname="TriangleTest" time="0.001"/>
  <testcase name="[92] 1, 101, 1, 输入错误" classname="TriangleTest" time="0.0"/>
  <testcase name="[93] 1, 101, 5, 输入错误" classname="TriangleTest" time="0.0"/>
  <testcase name="[94] 1, 101, 51, 输入错误" classname="TriangleTest" time="0.0"/>
  <testcase name="[95] 1, 101, 95, 输入错误" classname="TriangleTest" time="0.0"/>
  <testcase name="[96] 1, 101, 100, 输入错误" classname="TriangleTest" time="0.0"/>
  <testcase name="[97] 1, 101, 101, 输入错误" classname="TriangleTest" time="0.0"/>
  <testcase name="[98] 5, -1, -1, 输入错误" classname="TriangleTest" time="0.001"/>
  <testcase name="[99] 5, -1, 1, 输入错误" classname="TriangleTest" time="0.0"/>
  <testcase name="[100] 5, -1, 5, 输入错误" classname="TriangleTest" time="0.0"/>
  <testcase name="[101] 5, -1, 51, 输入错误" classname="TriangleTest" time="0.001"/>
  <testcase name="[102] 5, -1, 95, 输入错误" classname="TriangleTest" time="0.001"/>
  <testcase name="[103] 5, -1, 100, 输入错误" classname="TriangleTest" time="0.004"/>
  <testcase name="[104] 5, -1, 101, 输入错误" classname="TriangleTest" time="0.001"/>
  <testcase name="[105] 5, 1, -1, 输入错误" classname="TriangleTest" time="0.008"/>
  <testcase name="[106] 5, 1, 1, 非三角形" classname="TriangleTest" time="0.0"/>
  <testcase name="[107] 5, 1, 5, 等腰三角形" classname="TriangleTest" time="0.0"/>
  <testcase name="[108] 5, 1, 51, 非三角形" classname="TriangleTest" time="0.001"/>
  <testcase name="[109] 5, 1, 95, 非三角形" classname="TriangleTest" time="0.001"/>
  <testcase name="[110] 5, 1, 100, 非三角形" classname="TriangleTest" time="0.029"/>
  <testcase name="[111] 5, 1, 101, 输入错误" classname="TriangleTest" time="0.0"/>
  <testcase name="[112] 5, 5, -1, 输入错误" classname="TriangleTest" time="0.001"/>
  <testcase name="[113] 5, 5, 1, 等腰三角形" classname="TriangleTest" time="0.001"/>
  <testcase name="[114] 5, 5, 5, 等边三角形" classname="TriangleTest" time="0.054"/>
  <testcase name="[115] 5, 5, 51, 非三角形" classname="TriangleTest" time="0.001"/>
  <testcase name="[116] 5, 5, 95, 非三角形" classname="TriangleTest" time="0.001"/>
  <testcase name="[117] 5, 5, 100, 非三角形" classname="TriangleTest" time="0.0"/>
  <testcase name="[118] 5, 5, 101, 输入错误" classname="TriangleTest" time="0.001"/>
  <testcase name="[119] 5, 51, -1, 输入错误" classname="TriangleTest" time="0.001"/>
  <testcase name="[120] 5, 51, 1, 非三角形" classname="TriangleTest" time="0.001"/>
  <testcase name="[121] 5, 51, 5, 非三角形" classname="TriangleTest" time="0.017"/>
  <testcase name="[122] 5, 51, 51, 等腰三角形" classname="TriangleTest" time="0.0"/>
  <testcase name="[123] 5, 51, 95, 非三角形" classname="TriangleTest" time="0.0"/>
  <testcase name="[124] 5, 51, 100, 非三角形" classname="TriangleTest" time="0.0"/>
  <testcase name="[125] 5, 51, 101, 输入错误" classname="TriangleTest" time="0.001"/>
  <testcase name="[126] 5, 95, -1, 输入错误" classname="TriangleTest" time="0.0"/>
  <testcase name="[127] 5, 95, 1, 非三角形" classname="TriangleTest" time="0.0"/>
  <testcase name="[128] 5, 95, 5, 非三角形" classname="TriangleTest" time="0.0"/>
  <testcase name="[129] 5, 95, 51, 非三角形" classname="TriangleTest" time="0.0"/>
  <testcase name="[130] 5, 95, 95, 等腰三角形" classname="TriangleTest" time="0.001"/>
  <testcase name="[131] 5, 95, 100, 非三角形" classname="TriangleTest" time="0.0"/>
  <testcase name="[132] 5, 95, 101, 输入错误" classname="TriangleTest" time="0.001"/>
  <testcase name="[133] 5, 100, -1, 输入错误" classname="TriangleTest" time="0.009"/>
  <testcase name="[134] 5, 100, 1, 非三角形" classname="TriangleTest" time="0.0"/>
  <testcase name="[135] 5, 100, 5, 非三角形" classname="TriangleTest" time="0.0"/>
  <testcase name="[136] 5, 100, 51, 非三角形" classname="TriangleTest" time="0.0"/>
  <testcase name="[137] 5, 100, 95, 非三角形" classname="TriangleTest" time="0.0"/>
  <testcase name="[138] 5, 100, 100, 等腰三角形" classname="TriangleTest" time="0.0"/>
  <testcase name="[139] 5, 100, 101, 输入错误" classname="TriangleTest" time="0.0"/>
  <testcase name="[140] 5, 101, -1, 输入错误" classname="TriangleTest" time="0.0"/>
  <testcase name="[141] 5, 101, 1, 输入错误" classname="TriangleTest" time="0.0"/>
  <testcase name="[142] 5, 101, 5, 输入错误" classname="TriangleTest" time="0.0"/>
  <testcase name="[143] 5, 101, 51, 输入错误" classname="TriangleTest" time="0.0"/>
  <testcase name="[144] 5, 101, 95, 输入错误" classname="TriangleTest" time="0.016"/>
  <testcase name="[145] 5, 101, 100, 输入错误" classname="TriangleTest" time="0.0"/>
  <testcase name="[146] 5, 101, 101, 输入错误" classname="TriangleTest" time="0.0"/>
  <testcase name="[147] 51, -1, -1, 输入错误" classname="TriangleTest" time="0.0"/>
  <testcase name="[148] 51, -1, 1, 输入错误" classname="TriangleTest" time="0.001"/>
  <testcase name="[149] 51, -1, 5, 输入错误" classname="TriangleTest" time="0.001"/>
  <testcase name="[150] 51, -1, 51, 输入错误" classname="TriangleTest" time="0.001"/>
  <testcase name="[151] 51, -1, 95, 输入错误" classname="TriangleTest" time="0.001"/>
  <testcase name="[152] 51, -1, 100, 输入错误" classname="TriangleTest" time="0.0"/>
  <testcase name="[153] 51, -1, 101, 输入错误" classname="TriangleTest" time="0.0"/>
  <testcase name="[154] 51, 1, -1, 输入错误" classname="TriangleTest" time="0.0"/>
  <testcase name="[155] 51, 1, 1, 非三角形" classname="TriangleTest" time="0.0"/>
  <testcase name="[156] 51, 1, 5, 非三角形" classname="TriangleTest" time="0.001"/>
  <testcase name="[157] 51, 1, 51, 等腰三角形" classname="TriangleTest" time="0.0"/>
  <testcase name="[158] 51, 1, 95, 非三角形" classname="TriangleTest" time="0.0"/>
  <testcase name="[159] 51, 1, 100, 非三角形" classname="TriangleTest" time="0.0"/>
  <testcase name="[160] 51, 1, 101, 输入错误" classname="TriangleTest" time="0.001"/>
  <testcase name="[161] 51, 5, -1, 输入错误" classname="TriangleTest" time="0.001"/>
  <testcase name="[162] 51, 5, 1, 非三角形" classname="TriangleTest" time="0.017"/>
  <testcase name="[163] 51, 5, 5, 非三角形" classname="TriangleTest" time="0.0"/>
  <testcase name="[164] 51, 5, 51, 等腰三角形" classname="TriangleTest" time="0.0"/>
  <testcase name="[165] 51, 5, 95, 非三角形" classname="TriangleTest" time="0.0"/>
  <testcase name="[166] 51, 5, 100, 非三角形" classname="TriangleTest" time="0.0"/>
  <testcase name="[167] 51, 5, 101, 输入错误" classname="TriangleTest" time="0.0"/>
  <testcase name="[168] 51, 51, -1, 输入错误" classname="TriangleTest" time="0.0"/>
  <testcase name="[169] 51, 51, 1, 等腰三角形" classname="TriangleTest" time="0.0"/>
  <testcase name="[170] 51, 51, 5, 等腰三角形" classname="TriangleTest" time="0.001"/>
  <testcase name="[171] 51, 51, 51, 等边三角形" classname="TriangleTest" time="0.0"/>
  <testcase name="[172] 51, 51, 95, 等腰三角形" classname="TriangleTest" time="0.0"/>
  <testcase name="[173] 51, 51, 100, 等腰三角形" classname="TriangleTest" time="0.0"/>
  <testcase name="[174] 51, 51, 101, 输入错误" classname="TriangleTest" time="0.0"/>
  <testcase name="[175] 51, 95, -1, 输入错误" classname="TriangleTest" time="0.001"/>
  <testcase name="[176] 51, 95, 1, 非三角形" classname="TriangleTest" time="0.001"/>
  <testcase name="[177] 51, 95, 5, 非三角形" classname="TriangleTest" time="0.001"/>
  <testcase name="[178] 51, 95, 51, 等腰三角形" classname="TriangleTest" time="0.001"/>
  <testcase name="[179] 51, 95, 95, 等腰三角形" classname="TriangleTest" time="0.001"/>
  <testcase name="[180] 51, 95, 100, 一般三角形" classname="TriangleTest" time="0.0"/>
  <testcase name="[181] 51, 95, 101, 输入错误" classname="TriangleTest" time="0.001"/>
  <testcase name="[182] 51, 100, -1, 输入错误" classname="TriangleTest" time="0.0"/>
  <testcase name="[183] 51, 100, 1, 非三角形" classname="TriangleTest" time="0.0"/>
  <testcase name="[184] 51, 100, 5, 非三角形" classname="TriangleTest" time="0.001"/>
  <testcase name="[185] 51, 100, 51, 等腰三角形" classname="TriangleTest" time="0.0"/>
  <testcase name="[186] 51, 100, 95, 一般三角形" classname="TriangleTest" time="0.0"/>
  <testcase name="[187] 51, 100, 100, 等腰三角形" classname="TriangleTest" time="0.001"/>
  <testcase name="[188] 51, 100, 101, 输入错误" classname="TriangleTest" time="0.0"/>
  <testcase name="[189] 51, 101, -1, 输入错误" classname="TriangleTest" time="0.001"/>
  <testcase name="[190] 51, 101, 1, 输入错误" classname="TriangleTest" time="0.0"/>
  <testcase name="[191] 51, 101, 5, 输入错误" classname="TriangleTest" time="0.0"/>
  <testcase name="[192] 51, 101, 51, 输入错误" classname="TriangleTest" time="0.001"/>
  <testcase name="[193] 51, 101, 95, 输入错误" classname="TriangleTest" time="0.001"/>
  <testcase name="[194] 51, 101, 100, 输入错误" classname="TriangleTest" time="0.0"/>
  <testcase name="[195] 51, 101, 101, 输入错误" classname="TriangleTest" time="0.0"/>
  <testcase name="[196] 95, -1, -1, 输入错误" classname="TriangleTest" time="0.0"/>
  <testcase name="[197] 95, -1, 1, 输入错误" classname="TriangleTest" time="0.008"/>
  <testcase name="[198] 95, -1, 5, 输入错误" classname="TriangleTest" time="0.001"/>
  <testcase name="[199] 95, -1, 51, 输入错误" classname="TriangleTest" time="0.0"/>
  <testcase name="[200] 95, -1, 95, 输入错误" classname="TriangleTest" time="0.0"/>
  <testcase name="[201] 95, -1, 100, 输入错误" classname="TriangleTest" time="0.0"/>
  <testcase name="[202] 95, -1, 101, 输入错误" classname="TriangleTest" time="0.0"/>
  <testcase name="[203] 95, 1, -1, 输入错误" classname="TriangleTest" time="0.0"/>
  <testcase name="[204] 95, 1, 1, 非三角形" classname="TriangleTest" time="0.001"/>
  <testcase name="[205] 95, 1, 5, 非三角形" classname="TriangleTest" time="0.001"/>
  <testcase name="[206] 95, 1, 51, 非三角形" classname="TriangleTest" time="0.001"/>
  <testcase name="[207] 95, 1, 95, 等腰三角形" classname="TriangleTest" time="0.001"/>
  <testcase name="[208] 95, 1, 100, 非三角形" classname="TriangleTest" time="0.001"/>
  <testcase name="[209] 95, 1, 101, 输入错误" classname="TriangleTest" time="0.0"/>
  <testcase name="[210] 95, 5, -1, 输入错误" classname="TriangleTest" time="0.0"/>
  <testcase name="[211] 95, 5, 1, 非三角形" classname="TriangleTest" time="0.012"/>
  <testcase name="[212] 95, 5, 5, 非三角形" classname="TriangleTest" time="0.001"/>
  <testcase name="[213] 95, 5, 51, 非三角形" classname="TriangleTest" time="0.0"/>
  <testcase name="[214] 95, 5, 95, 等腰三角形" classname="TriangleTest" time="0.0"/>
  <testcase name="[215] 95, 5, 100, 非三角形" classname="TriangleTest" time="0.002"/>
  <testcase name="[216] 95, 5, 101, 输入错误" classname="TriangleTest" time="0.001"/>
  <testcase name="[217] 95, 51, -1, 输入错误" classname="TriangleTest" time="0.0"/>
  <testcase name="[218] 95, 51, 1, 非三角形" classname="TriangleTest" time="0.0"/>
  <testcase name="[219] 95, 51, 5, 非三角形" classname="TriangleTest" time="0.001"/>
  <testcase name="[220] 95, 51, 51, 等腰三角形" classname="TriangleTest" time="0.0"/>
  <testcase name="[221] 95, 51, 95, 等腰三角形" classname="TriangleTest" time="0.001"/>
  <testcase name="[222] 95, 51, 100, 一般三角形" classname="TriangleTest" time="0.001"/>
  <testcase name="[223] 95, 51, 101, 输入错误" classname="TriangleTest" time="0.001"/>
  <testcase name="[224] 95, 95, -1, 输入错误" classname="TriangleTest" time="0.0"/>
  <testcase name="[225] 95, 95, 1, 等腰三角形" classname="TriangleTest" time="0.001"/>
  <testcase name="[226] 95, 95, 5, 等腰三角形" classname="TriangleTest" time="0.002"/>
  <testcase name="[227] 95, 95, 51, 等腰三角形" classname="TriangleTest" time="0.0"/>
  <testcase name="[228] 95, 95, 95, 等边三角形" classname="TriangleTest" time="0.0"/>
  <testcase name="[229] 95, 95, 100, 等腰三角形" classname="TriangleTest" time="0.001"/>
  <testcase name="[230] 95, 95, 101, 输入错误" classname="TriangleTest" time="0.0"/>
  <testcase name="[231] 95, 100, -1, 输入错误" classname="TriangleTest" time="0.0"/>
  <testcase name="[232] 95, 100, 1, 非三角形" classname="TriangleTest" time="0.001"/>
  <testcase name="[233] 95, 100, 5, 非三角形" classname="TriangleTest" time="0.001"/>
  <testcase name="[234] 95, 100, 51, 一般三角形" classname="TriangleTest" time="0.0"/>
  <testcase name="[235] 95, 100, 95, 等腰三角形" classname="TriangleTest" time="0.002"/>
  <testcase name="[236] 95, 100, 100, 等腰三角形" classname="TriangleTest" time="0.002"/>
  <testcase name="[237] 95, 100, 101, 输入错误" classname="TriangleTest" time="0.0"/>
  <testcase name="[238] 95, 101, -1, 输入错误" classname="TriangleTest" time="0.001"/>
  <testcase name="[239] 95, 101, 1, 输入错误" classname="TriangleTest" time="0.0"/>
  <testcase name="[240] 95, 101, 5, 输入错误" classname="TriangleTest" time="0.0"/>
  <testcase name="[241] 95, 101, 51, 输入错误" classname="TriangleTest" time="0.0"/>
  <testcase name="[242] 95, 101, 95, 输入错误" classname="TriangleTest" time="0.0"/>
  <testcase name="[243] 95, 101, 100, 输入错误" classname="TriangleTest" time="0.0"/>
  <testcase name="[244] 95, 101, 101, 输入错误" classname="TriangleTest" time="0.0"/>
  <testcase name="[245] 100, -1, -1, 输入错误" classname="TriangleTest" time="0.001"/>
  <testcase name="[246] 100, -1, 1, 输入错误" classname="TriangleTest" time="0.0"/>
  <testcase name="[247] 100, -1, 5, 输入错误" classname="TriangleTest" time="0.0"/>
  <testcase name="[248] 100, -1, 51, 输入错误" classname="TriangleTest" time="0.0"/>
  <testcase name="[249] 100, -1, 95, 输入错误" classname="TriangleTest" time="0.001"/>
  <testcase name="[250] 100, -1, 100, 输入错误" classname="TriangleTest" time="0.001"/>
  <testcase name="[251] 100, -1, 101, 输入错误" classname="TriangleTest" time="0.002"/>
  <testcase name="[252] 100, 1, -1, 输入错误" classname="TriangleTest" time="0.0"/>
  <testcase name="[253] 100, 1, 1, 非三角形" classname="TriangleTest" time="0.0"/>
  <testcase name="[254] 100, 1, 5, 非三角形" classname="TriangleTest" time="0.001"/>
  <testcase name="[255] 100, 1, 51, 非三角形" classname="TriangleTest" time="0.001"/>
  <testcase name="[256] 100, 1, 95, 非三角形" classname="TriangleTest" time="0.001"/>
  <testcase name="[257] 100, 1, 100, 等腰三角形" classname="TriangleTest" time="0.001"/>
  <testcase name="[258] 100, 1, 101, 输入错误" classname="TriangleTest" time="0.0"/>
  <testcase name="[259] 100, 5, -1, 输入错误" classname="TriangleTest" time="0.001"/>
  <testcase name="[260] 100, 5, 1, 非三角形" classname="TriangleTest" time="0.0"/>
  <testcase name="[261] 100, 5, 5, 非三角形" classname="TriangleTest" time="0.001"/>
  <testcase name="[262] 100, 5, 51, 非三角形" classname="TriangleTest" time="0.001"/>
  <testcase name="[263] 100, 5, 95, 非三角形" classname="TriangleTest" time="0.001"/>
  <testcase name="[264] 100, 5, 100, 等腰三角形" classname="TriangleTest" time="0.001"/>
  <testcase name="[265] 100, 5, 101, 输入错误" classname="TriangleTest" time="0.001"/>
  <testcase name="[266] 100, 51, -1, 输入错误" classname="TriangleTest" time="0.0"/>
  <testcase name="[267] 100, 51, 1, 非三角形" classname="TriangleTest" time="0.0"/>
  <testcase name="[268] 100, 51, 5, 非三角形" classname="TriangleTest" time="0.0"/>
  <testcase name="[269] 100, 51, 51, 等腰三角形" classname="TriangleTest" time="0.0"/>
  <testcase name="[270] 100, 51, 95, 一般三角形" classname="TriangleTest" time="0.002"/>
  <testcase name="[271] 100, 51, 100, 等腰三角形" classname="TriangleTest" time="0.001"/>
  <testcase name="[272] 100, 51, 101, 输入错误" classname="TriangleTest" time="0.002"/>
  <testcase name="[273] 100, 95, -1, 输入错误" classname="TriangleTest" time="0.001"/>
  <testcase name="[274] 100, 95, 1, 非三角形" classname="TriangleTest" time="0.001"/>
  <testcase name="[275] 100, 95, 5, 非三角形" classname="TriangleTest" time="0.0"/>
  <testcase name="[276] 100, 95, 51, 一般三角形" classname="TriangleTest" time="0.0"/>
  <testcase name="[277] 100, 95, 95, 等腰三角形" classname="TriangleTest" time="0.001"/>
  <testcase name="[278] 100, 95, 100, 等腰三角形" classname="TriangleTest" time="0.001"/>
  <testcase name="[279] 100, 95, 101, 输入错误" classname="TriangleTest" time="0.001"/>
  <testcase name="[280] 100, 100, -1, 输入错误" classname="TriangleTest" time="0.001"/>
  <testcase name="[281] 100, 100, 1, 等腰三角形" classname="TriangleTest" time="0.001"/>
  <testcase name="[282] 100, 100, 5, 等腰三角形" classname="TriangleTest" time="0.0"/>
  <testcase name="[283] 100, 100, 51, 等腰三角形" classname="TriangleTest" time="0.001"/>
  <testcase name="[284] 100, 100, 95, 等腰三角形" classname="TriangleTest" time="0.001"/>
  <testcase name="[285] 100, 100, 100, 等边三角形" classname="TriangleTest" time="0.001"/>
  <testcase name="[286] 100, 100, 101, 输入错误" classname="TriangleTest" time="0.001"/>
  <testcase name="[287] 100, 101, -1, 输入错误" classname="TriangleTest" time="0.001"/>
  <testcase name="[288] 100, 101, 1, 输入错误" classname="TriangleTest" time="0.001"/>
  <testcase name="[289] 100, 101, 5, 输入错误" classname="TriangleTest" time="0.001"/>
  <testcase name="[290] 100, 101, 51, 输入错误" classname="TriangleTest" time="0.0"/>
  <testcase name="[291] 100, 101, 95, 输入错误" classname="TriangleTest" time="0.001"/>
  <testcase name="[292] 100, 101, 100, 输入错误" classname="TriangleTest" time="0.001"/>
  <testcase name="[293] 100, 101, 101, 输入错误" classname="TriangleTest" time="0.0"/>
  <testcase name="[294] 101, -1, -1, 输入错误" classname="TriangleTest" time="0.001"/>
  <testcase name="[295] 101, -1, 1, 输入错误" classname="TriangleTest" time="0.001"/>
  <testcase name="[296] 101, -1, 5, 输入错误" classname="TriangleTest" time="0.001"/>
  <testcase name="[297] 101, -1, 51, 输入错误" classname="TriangleTest" time="0.0"/>
  <testcase name="[298] 101, -1, 95, 输入错误" classname="TriangleTest" time="0.005"/>
  <testcase name="[299] 101, -1, 100, 输入错误" classname="TriangleTest" time="0.001"/>
  <testcase name="[300] 101, -1, 101, 输入错误" classname="TriangleTest" time="0.0"/>
  <testcase name="[301] 101, 1, -1, 输入错误" classname="TriangleTest" time="0.0"/>
  <testcase name="[302] 101, 1, 1, 输入错误" classname="TriangleTest" time="0.0"/>
  <testcase name="[303] 101, 1, 5, 输入错误" classname="TriangleTest" time="0.0"/>
  <testcase name="[304] 101, 1, 51, 输入错误" classname="TriangleTest" time="0.0"/>
  <testcase name="[305] 101, 1, 95, 输入错误" classname="TriangleTest" time="0.0"/>
  <testcase name="[306] 101, 1, 100, 输入错误" classname="TriangleTest" time="0.0"/>
  <testcase name="[307] 101, 1, 101, 输入错误" classname="TriangleTest" time="0.001"/>
  <testcase name="[308] 101, 5, -1, 输入错误" classname="TriangleTest" time="0.0"/>
  <testcase name="[309] 101, 5, 1, 输入错误" classname="TriangleTest" time="0.0"/>
  <testcase name="[310] 101, 5, 5, 输入错误" classname="TriangleTest" time="0.0"/>
  <testcase name="[311] 101, 5, 51, 输入错误" classname="TriangleTest" time="0.0"/>
  <testcase name="[312] 101, 5, 95, 输入错误" classname="TriangleTest" time="0.001"/>
  <testcase name="[313] 101, 5, 100, 输入错误" classname="TriangleTest" time="0.001"/>
  <testcase name="[314] 101, 5, 101, 输入错误" classname="TriangleTest" time="0.0"/>
  <testcase name="[315] 101, 51, -1, 输入错误" classname="TriangleTest" time="0.001"/>
  <testcase name="[316] 101, 51, 1, 输入错误" classname="TriangleTest" time="0.001"/>
  <testcase name="[317] 101, 51, 5, 输入错误" classname="TriangleTest" time="0.001"/>
  <testcase name="[318] 101, 51, 51, 输入错误" classname="TriangleTest" time="0.0"/>
  <testcase name="[319] 101, 51, 95, 输入错误" classname="TriangleTest" time="0.0"/>
  <testcase name="[320] 101, 51, 100, 输入错误" classname="TriangleTest" time="0.001"/>
  <testcase name="[321] 101, 51, 101, 输入错误" classname="TriangleTest" time="0.001"/>
  <testcase name="[322] 101, 95, -1, 输入错误" classname="TriangleTest" time="0.001"/>
  <testcase name="[323] 101, 95, 1, 输入错误" classname="TriangleTest" time="0.001"/>
  <testcase name="[324] 101, 95, 5, 输入错误" classname="TriangleTest" time="0.001"/>
  <testcase name="[325] 101, 95, 51, 输入错误" classname="TriangleTest" time="0.0"/>
  <testcase name="[326] 101, 95, 95, 输入错误" classname="TriangleTest" time="0.0"/>
  <testcase name="[327] 101, 95, 100, 输入错误" classname="TriangleTest" time="0.001"/>
  <testcase name="[328] 101, 95, 101, 输入错误" classname="TriangleTest" time="0.0"/>
  <testcase name="[329] 101, 100, -1, 输入错误" classname="TriangleTest" time="0.0"/>
  <testcase name="[330] 101, 100, 1, 输入错误" classname="TriangleTest" time="0.0"/>
  <testcase name="[331] 101, 100, 5, 输入错误" classname="TriangleTest" time="0.0"/>
  <testcase name="[332] 101, 100, 51, 输入错误" classname="TriangleTest" time="0.0"/>
  <testcase name="[333] 101, 100, 95, 输入错误" classname="TriangleTest" time="0.001"/>
  <testcase name="[334] 101, 100, 100, 输入错误" classname="TriangleTest" time="0.0"/>
  <testcase name="[335] 101, 100, 101, 输入错误" classname="TriangleTest" time="0.002"/>
  <testcase name="[336] 101, 101, -1, 输入错误" classname="TriangleTest" time="0.001"/>
  <testcase name="[337] 101, 101, 1, 输入错误" classname="TriangleTest" time="0.0"/>
  <testcase name="[338] 101, 101, 5, 输入错误" classname="TriangleTest" time="0.001"/>
  <testcase name="[339] 101, 101, 51, 输入错误" classname="TriangleTest" time="0.002"/>
  <testcase name="[340] 101, 101, 95, 输入错误" classname="TriangleTest" time="0.001"/>
  <testcase name="[341] 101, 101, 100, 输入错误" classname="TriangleTest" time="0.002"/>
  <testcase name="[342] 101, 101, 101, 输入错误" classname="TriangleTest" time="0.0"/>
  <testcase name="equallaterialTriangle()" classname="TriangleTest" time="0.001"/>
  <testcase name="notTriangle()" classname="TriangleTest" time="0.001"/>
  <system-out><![CDATA[]]></system-out>
  <system-err><![CDATA[]]></system-err>
</testsuite>
